2025-02-27 14:24:00 | WARN | repo=tictactoe | action=edit | files=3
2025-06-02 21:40:00 | INFO | repo=tictactoe | action=test | passed=true
2025-10-10 10:10:00 | DEBUG | repo=tictactoe | action=commit
2025-07-17 21:52:00 | INFO | repo=tictactoe | action=edit | files=4
2025-01-19 15:57:00 | INFO | repo=tictactoe | action=edit | files=5
2025-10-06 08:44:00 | DEBUG | repo=tictactoe | action=commit
2025-04-18 19:58:00 | INFO | repo=tictactoe | action=test | passed=true
2025-09-14 19:23:00 | DEBUG | repo=tictactoe | action=pull
2025-01-17 14:46:00 | INFO | repo=tictactoe | action=commit
2025-10-18 14:39:00 | DEBUG | repo=tictactoe | action=commit
2025-01-16 19:29:00 | WARN | repo=tictactoe | action=test | passed=true
2025-07-16 20:08:00 | DEBUG | repo=tictactoe | action=pull
2025-12-04 15:04:00 | DEBUG | repo=tictactoe | action=commit
2025-02-13 16:26:00 | INFO | repo=tictactoe | action=commit
2025-12-20 20:44:00 | DEBUG | repo=tictactoe | action=pull
2025-04-25 07:26:00 | WARN | repo=tictactoe | action=commit
2025-11-12 09:52:00 | WARN | repo=tictactoe | action=edit | files=1
2025-11-16 20:18:00 | INFO | repo=tictactoe | action=edit | files=2
2025-04-03 12:03:00 | INFO | repo=tictactoe | action=commit
2025-05-06 17:50:00 | WARN | repo=tictactoe | action=commit
